0 info it worked if it ends with ok
1 verbose cli [ 'C:\\Program Files\\nodejs\\node.exe',
1 verbose cli   'C:\\Program Files\\nodejs\\node_modules\\npm\\bin\\npm-cli.js',
1 verbose cli   'start' ]
2 info using npm@3.10.10
3 info using node@v6.10.3
4 verbose run-script [ 'prestart', 'start', 'poststart' ]
5 info lifecycle loginapp@1.0.0~prestart: loginapp@1.0.0
6 silly lifecycle loginapp@1.0.0~prestart: no script for prestart, continuing
7 info lifecycle loginapp@1.0.0~start: loginapp@1.0.0
8 verbose lifecycle loginapp@1.0.0~start: unsafe-perm in lifecycle true
9 verbose lifecycle loginapp@1.0.0~start: PATH: C:\Program Files\nodejs\node_modules\npm\bin\node-gyp-bin;C:\Users\sound\Desktop\Learning side Projects\Nodejs_TaskManager\node_modules\.bin;C:\Program Files\MySQL\MySQL Server 5.7\bin;C:\Program Files\Java\jdk1.8.0_60\bin;C:\ProgramData\Oracle\Java\javapath;C:\Program Files (x86)\Intel\iCLS Client\;C:\Program Files\Intel\iCLS Client\;C:\Windows\system32;C:\Windows;C:\Windows\System32\Wbem;C:\Windows\System32\WindowsPowerShell\v1.0\;C:\Program Files\Intel\Intel(R) Management Engine Components\DAL;C:\Program Files (x86)\Intel\Intel(R) Management Engine Components\DAL;C:\Program Files\Intel\Intel(R) Management Engine Components\IPT;C:\Program Files (x86)\Intel\Intel(R) Management Engine Components\IPT;C:\Program Files (x86)\MySQL\MySQL Fabric 1.5 & MySQL Utilities 1.5\;C:\Program Files (x86)\MySQL\MySQL Fabric 1.5 & MySQL Utilities 1.5\Doctrine extensions for PHP\;C:\MATLAB7\bin\win32;C:\Program Files\MATLAB\R2014a\runtime\win64;C:\Program Files\MATLAB\R2014a\bin;C:\Program Files\MATLAB\R2014a\polyspace\bin;C:\Windows\system32\config\systemprofile\.dnx\bin;C:\Program Files\Microsoft DNX\Dnvm\;C:\Program Files (x86)\Windows Kits\8.1\Windows Performance Toolkit\;C:\Program Files\Microsoft SQL Server\130\Tools\Binn\;C:\Program Files\Git\cmd;C:\Program Files\nodejs\;C:\Program Files (x86)\mingw-w64\i686-6.3.0-posix-dwarf-rt_v5-rev1\mingw32\bin;C:\Users\sound\Anaconda2;C:\Users\sound\Anaconda2\Scripts;C:\Users\sound\Anaconda2\Library\bin;C:\Program Files (x86)\SSH Communications Security\SSH Secure Shell;C:\Go\bin;C:\Users\sound\AppData\Local\atom\bin;C:\Users\sound\AppData\Roaming\npm
10 verbose lifecycle loginapp@1.0.0~start: CWD: C:\Users\sound\Desktop\Learning side Projects\Nodejs_TaskManager
11 silly lifecycle loginapp@1.0.0~start: Args: [ '/d /s /c', 'node app.js' ]
12 silly lifecycle loginapp@1.0.0~start: Returned: code: 1  signal: null
13 info lifecycle loginapp@1.0.0~start: Failed to exec start script
14 verbose stack Error: loginapp@1.0.0 start: `node app.js`
14 verbose stack Exit status 1
14 verbose stack     at EventEmitter.<anonymous> (C:\Program Files\nodejs\node_modules\npm\lib\utils\lifecycle.js:255:16)
14 verbose stack     at emitTwo (events.js:106:13)
14 verbose stack     at EventEmitter.emit (events.js:191:7)
14 verbose stack     at ChildProcess.<anonymous> (C:\Program Files\nodejs\node_modules\npm\lib\utils\spawn.js:40:14)
14 verbose stack     at emitTwo (events.js:106:13)
14 verbose stack     at ChildProcess.emit (events.js:191:7)
14 verbose stack     at maybeClose (internal/child_process.js:886:16)
14 verbose stack     at Process.ChildProcess._handle.onexit (internal/child_process.js:226:5)
15 verbose pkgid loginapp@1.0.0
16 verbose cwd C:\Users\sound\Desktop\Learning side Projects\Nodejs_TaskManager
17 error Windows_NT 6.3.9600
18 error argv "C:\\Program Files\\nodejs\\node.exe" "C:\\Program Files\\nodejs\\node_modules\\npm\\bin\\npm-cli.js" "start"
19 error node v6.10.3
20 error npm  v3.10.10
21 error code ELIFECYCLE
22 error loginapp@1.0.0 start: `node app.js`
22 error Exit status 1
23 error Failed at the loginapp@1.0.0 start script 'node app.js'.
23 error Make sure you have the latest version of node.js and npm installed.
23 error If you do, this is most likely a problem with the loginapp package,
23 error not with npm itself.
23 error Tell the author that this fails on your system:
23 error     node app.js
23 error You can get information on how to open an issue for this project with:
23 error     npm bugs loginapp
23 error Or if that isn't available, you can get their info via:
23 error     npm owner ls loginapp
23 error There is likely additional logging output above.
24 verbose exit [ 1, true ]
